<?xml version="1.0" encoding="UTF-8" ?>
<testsuite failures="0" time="2.042" errors="0" skipped="0" tests="16" name="org.apache.struts2.EmbeddedJSPResultTest">
  <properties>
[...]
</properties>
  <testcase time="0.229" classname="org.apache.struts2.EmbeddedJSPResultTest" name="testScriptlet"/>
  <testcase time="0.778" classname="org.apache.struts2.EmbeddedJSPResultTest" name="testEmbedded"/>
  <testcase time="0.036" classname="org.apache.struts2.EmbeddedJSPResultTest" name="testFilesAreReadOnlyOnce"/>
  <testcase time="0.001" classname="org.apache.struts2.EmbeddedJSPResultTest" name="testEmbeddedAbsolutePath"/>
  <testcase time="0.001" classname="org.apache.struts2.EmbeddedJSPResultTest" name="testSimple"/>
  <testcase time="0.041" classname="org.apache.struts2.EmbeddedJSPResultTest" name="testEL"/>
  <testcase time="0.369" classname="org.apache.struts2.EmbeddedJSPResultTest" name="testTag0"/>
  <testcase time="0.035" classname="org.apache.struts2.EmbeddedJSPResultTest" name="testIncludeSimple"/>
  <testcase time="0.034" classname="org.apache.struts2.EmbeddedJSPResultTest" name="testIncludeSimpleWithDirective"/>
  <testcase time="0.075" classname="org.apache.struts2.EmbeddedJSPResultTest" name="testIncludeWithSubdir"/>
  <testcase time="0.041" classname="org.apache.struts2.EmbeddedJSPResultTest" name="testIncludeWithParam"/>
  <testcase time="0.006" classname="org.apache.struts2.EmbeddedJSPResultTest" name="testBroken0"/>
  <testcase time="0.248" classname="org.apache.struts2.EmbeddedJSPResultTest" name="testJSTL"/>
  <testcase time="0.04" classname="org.apache.struts2.EmbeddedJSPResultTest" name="testCachedInstances"/>
  <testcase time="0.06" classname="org.apache.struts2.EmbeddedJSPResultTest" name="testCacheInstanceWithManyThreads"/>
  <testcase time="0.041" classname="org.apache.struts2.EmbeddedJSPResultTest" name="testBeans"/>
</testsuite>