<?xml version="1.0" encoding="UTF-8" ?>
<testsuite failures="0" time="15.873" errors="0" skipped="0" tests="657" name="TestSuite">
  <properties>
[...]
</properties>
  <testcase time="0" classname="com.opensymphony.xwork2.TestNGXWorkTestCaseTest$RunTest" name="testRun"/>
  <testcase time="0.027" classname="com.opensymphony.xwork2.ActionContextTest" name="testNewActionContextCanFindDefaultTexts"/>
  <testcase time="0" classname="com.opensymphony.xwork2.ActionContextTest" name="testContextParams"/>
  <testcase time="0" classname="com.opensymphony.xwork2.ActionContextTest" name="testContextMap"/>
  <testcase time="0" classname="com.opensymphony.xwork2.ActionContextTest" name="testStaticMethods"/>
  <testcase time="0" classname="com.opensymphony.xwork2.ActionContextTest" name="testParameters"/>
  <testcase time="0.001" classname="com.opensymphony.xwork2.ActionContextTest" name="testApplication"/>
  <testcase time="0" classname="com.opensymphony.xwork2.ActionContextTest" name="testGetContext"/>
  <testcase time="0" classname="com.opensymphony.xwork2.ActionContextTest" name="testConversionErrors"/>
  <testcase time="0" classname="com.opensymphony.xwork2.ActionContextThreadLocalTest" name="testSetContext"/>
  <testcase time="0" classname="com.opensymphony.xwork2.ActionContextThreadLocalTest" name="testGetContext"/>
  <testcase time="0.049" classname="com.opensymphony.xwork2.ActionInvocationTest" name="testSimple"/>
  <testcase time="0.004" classname="com.opensymphony.xwork2.ActionInvocationTest" name="testCommandInvocationUnknownHandler"/>
  <testcase time="0.003" classname="com.opensymphony.xwork2.ActionInvocationTest" name="testCommandInvocationDoMethod"/>
  <testcase time="0.007" classname="com.opensymphony.xwork2.ActionInvocationTest" name="testCommandInvocation"/>
  <testcase time="0.012" classname="com.opensymphony.xwork2.ActionInvocationTest" name="testResultReturnInvocationAndWired"/>
  <testcase time="0.001" classname="com.opensymphony.xwork2.ActionNestingTest" name="testNestedContext"/>
  <testcase time="0.001" classname="com.opensymphony.xwork2.ActionNestingTest" name="testNestedValueStack"/>
  <testcase time="0.001" classname="com.opensymphony.xwork2.ActionNestingTest" name="testNestedNoValueStack"/>
  <testcase time="0.001" classname="com.opensymphony.xwork2.ActionSupportTest" name="testFieldErrors"/>
  <testcase time="0" classname="com.opensymphony.xwork2.ActionSupportTest" name="testDeprecated"/>
  <testcase time="0.026" classname="com.opensymphony.xwork2.ActionSupportTest" name="testSimpleGetTextsWithInjectedTextProvider"/>
  <testcase time="0.002" classname="com.opensymphony.xwork2.ActionSupportTest" name="testGetTextsWithListArgs"/>
  <testcase time="0.002" classname="com.opensymphony.xwork2.ActionSupportTest" name="testGetTextsWithArrayAndStack"/>
  <testcase time="0" classname="com.opensymphony.xwork2.ActionSupportTest" name="testMyActionSupport"/>
  <testcase time="0" classname="com.opensymphony.xwork2.ActionSupportTest" name="testActionErrors"/>
  <testcase time="0.003" classname="com.opensymphony.xwork2.ActionSupportTest" name="testGetTextsWithArrayArgs"/>
  <testcase time="0.002" classname="com.opensymphony.xwork2.ActionSupportTest" name="testGetTextsWithArgs"/>
  <testcase time="0.001" classname="com.opensymphony.xwork2.ActionSupportTest" name="testGetTextsWithListAndStack"/>
  <testcase time="0.001" classname="com.opensymphony.xwork2.ActionSupportTest" name="testSimpleGetTexts"/>
  <testcase time="0.003" classname="com.opensymphony.xwork2.ActionSupportTest" name="testNothingDoneOnActionSupport"/>
  <testcase time="0.001" classname="com.opensymphony.xwork2.ActionSupportTest" name="testGetBundle"/>
  <testcase time="0" classname="com.opensymphony.xwork2.ActionSupportTest" name="testActionMessages"/>
  <testcase time="0" classname="com.opensymphony.xwork2.ActionSupportTest" name="testLocale"/>
  <testcase time="0.002" classname="com.opensymphony.xwork2.ChainResultTest" name="testRecursiveChain"/>
  <testcase time="0.012" classname="com.opensymphony.xwork2.ChainResultTest" name="testNamespaceAndActionExpressionEvaluation"/>
  <testcase time="0.001" classname="com.opensymphony.xwork2.CompositeTextProviderTest" name="testGetTextWithDefaultValuesAndArgs"/>
  <testcase time="0.001" classname="com.opensymphony.xwork2.CompositeTextProviderTest" name="testHasKey"/>
  <testcase time="0.001" classname="com.opensymphony.xwork2.CompositeTextProviderTest" name="testGetTextWithDefaultValues"/>
  <testcase time="0.001" classname="com.opensymphony.xwork2.CompositeTextProviderTest" name="testGetText"/>
  <testcase time="0" classname="com.opensymphony.xwork2.CompositeTextProviderTest" name="testGetResourceBundle"/>
  <testcase time="0.001" classname="com.opensymphony.xwork2.CompositeTextProviderTest" name="testGetResourceBundleByName"/>
  <testcase time="0.001" classname="com.opensymphony.xwork2.DefaultActionInvocationTest" name="testInvoke"/>
  <testcase time="0.006" classname="com.opensymphony.xwork2.DefaultClasstTest" name="testWildCardEvaluation"/>
  <testcase time="0.003" classname="com.opensymphony.xwork2.DefaultTextProviderTest" name="testGetTextsWithListArgs"/>
  <testcase time="0" classname="com.opensymphony.xwork2.DefaultTextProviderTest" name="testGetTextsWithArrayAndStack"/>
  <testcase time="0.001" classname="com.opensymphony.xwork2.DefaultTextProviderTest" name="testGetTextsWithArrayArgs"/>
  <testcase time="0" classname="com.opensymphony.xwork2.DefaultTextProviderTest" name="testGetTextsWithArgs"/>
  <testcase time="0.001" classname="com.opensymphony.xwork2.DefaultTextProviderTest" name="testSimpleGetTexts"/>
  <testcase time="0" classname="com.opensymphony.xwork2.DefaultTextProviderTest" name="testGetTextsWithListAndStack"/>
  <testcase time="0.002" classname="com.opensymphony.xwork2.DefaultTextProviderTest" name="testGetBundle"/>
  <testcase time="0.005" classname="com.opensymphony.xwork2.LocaleAwareTest" name="testLocaleGetText"/>
  <testcase time="0.01" classname="com.opensymphony.xwork2.LocaleAwareTest" name="testGetText"/>
  <testcase time="0.004" classname="com.opensymphony.xwork2.ProxyInvocationTest" name="testProxyInvocation"/>
  <testcase time="0.069" classname="com.opensymphony.xwork2.TestNGXWorkTestCaseTest" name="testSimpleTest"/>
  <testcase time="0.003" classname="com.opensymphony.xwork2.TextProviderSupportTest" name="testGetTextsWithArrayArgs"/>
  <testcase time="0.001" classname="com.opensymphony.xwork2.TextProviderSupportTest" name="testGetTextsWithListArgs"/>
  <testcase time="0.001" classname="com.opensymphony.xwork2.TextProviderSupportTest" name="testDifficultSymbols1"/>
  <testcase time="0" classname="com.opensymphony.xwork2.TextProviderSupportTest" name="testDifficultSymbols2"/>
  <testcase time="0" classname="com.opensymphony.xwork2.TextProviderSupportTest" name="testGetBundle"/>
  <testcase time="0.001" classname="com.opensymphony.xwork2.TextProviderSupportTest" name="testGetTextsWithArgs"/>
  <testcase time="0.001" classname="com.opensymphony.xwork2.TextProviderSupportTest" name="testSimpleGetTexts"/>
  <testcase time="0.001" classname="com.opensymphony.xwork2.TextProviderSupportTest" name="testHasKey"/>
  <testcase time="0.01" classname="com.opensymphony.xwork2.WildCardResultTest" name="testWildCardEvaluation"/>
  <testcase time="0" classname="com.opensymphony.xwork2.XWorkExceptionTest" name="testUnknown"/>
  <testcase time="0.001" classname="com.opensymphony.xwork2.XWorkExceptionTest" name="testThrowable"/>
  <testcase time="0.002" classname="com.opensymphony.xwork2.XWorkExceptionTest" name="testCauseOnlyNoMessage"/>
  <testcase time="0" classname="com.opensymphony.xwork2.XWorkExceptionTest" name="testDefaultConstructor"/>
  <testcase time="0.001" classname="com.opensymphony.xwork2.XWorkExceptionTest" name="testCauseOnly"/>
  <testcase time="0.001" classname="com.opensymphony.xwork2.XWorkExceptionTest" name="testMessageOnly"/>
  <testcase time="0.001" classname="com.opensymphony.xwork2.XWorkExceptionTest" name="testCauseAndTarget"/>
  <testcase time="0.007" classname="com.opensymphony.xwork2.config.ConfigurationManagerTest" name="testConfigurationReload"/>
  <testcase time="0" classname="com.opensymphony.xwork2.config.ConfigurationManagerTest" name="testNoConfigurationReload"/>
  <testcase time="0" classname="com.opensymphony.xwork2.config.ConfigurationManagerTest" name="testClearConfigurationProviders"/>
  <testcase time="0.003" classname="com.opensymphony.xwork2.config.ConfigurationManagerTest" name="testDestroyConfiguration"/>
  <testcase time="0.004" classname="com.opensymphony.xwork2.config.ConfigurationTest" name="testGlobalResults"/>
  <testcase time="0.002" classname="com.opensymphony.xwork2.config.ConfigurationTest" name="testInterceptorParamInheritance"/>
  <testcase time="0.003" classname="com.opensymphony.xwork2.config.ConfigurationTest" name="testWildcardName"/>
  <testcase time="0.001" classname="com.opensymphony.xwork2.config.ConfigurationTest" name="testInterceptorParamInehritanceOverride"/>
  <testcase time="0.009" classname="com.opensymphony.xwork2.config.ConfigurationTest" name="testInitForPackageProviders"/>
  <testcase time="0.006" classname="com.opensymphony.xwork2.config.ConfigurationTest" name="testInitOnceForConfigurationProviders"/>
  <testcase time="0.001" classname="com.opensymphony.xwork2.config.ConfigurationTest" name="testMultipleInheritance"/>
  <testcase time="0" classname="com.opensymphony.xwork2.config.ConfigurationTest" name="testFileIncludeLoader"/>
  <testcase time="0.001" classname="com.opensymphony.xwork2.config.ConfigurationTest" name="testAbstract"/>
  <testcase time="0.001" classname="com.opensymphony.xwork2.config.ConfigurationTest" name="testPackageExtension"/>
  <testcase time="0.007" classname="com.opensymphony.xwork2.config.ConfigurationTest" name="testDefaultNamespace"/>
  <testcase time="0.074" classname="com.opensymphony.xwork2.config.ConfigurationTest" name="testMultipleContainerProviders"/>
  <testcase time="0.001" classname="com.opensymphony.xwork2.config.ConfigurationTest" name="testInterceptorParamOverride"/>
  <testcase time="0.037" classname="com.opensymphony.xwork2.config.ConfigurationTest" name="testMultipleConfigProviders"/>
  <testcase time="0.001" classname="com.opensymphony.xwork2.config.ConfigurationTest" name="testInterceptorParams"/>
  <testcase time="0" classname="com.opensymphony.xwork2.config.ConfigurationTest" name="testWildcardNamespace"/>
  <testcase time="0.001" classname="com.opensymphony.xwork2.config.entities.ActionConfigTest" name="testToString"/>
  <testcase time="0" classname="com.opensymphony.xwork2.config.entities.ActionConfigTest" name="testToStringWithNoMethod"/>
  <testcase time="0" classname="com.opensymphony.xwork2.config.entities.PackageConfigTest" name="testFullDefaultInterceptorRef"/>
  <testcase time="0" classname="com.opensymphony.xwork2.config.impl.ActionConfigMatcherTest" name="testNoWildcardMatch"/>
  <testcase time="0" classname="com.opensymphony.xwork2.config.impl.ActionConfigMatcherTest" name="testShouldMatch"/>
  <testcase time="0" classname="com.opensymphony.xwork2.config.impl.ActionConfigMatcherTest" name="testNoMatch"/>
  <testcase time="0.001" classname="com.opensymphony.xwork2.config.impl.ActionConfigMatcherTest" name="testCheckMultipleSubstitutions"/>
  <testcase time="0.001" classname="com.opensymphony.xwork2.config.impl.ActionConfigMatcherTest" name="testCheckSubstitutionsMatch"/>
  <testcase time="0.001" classname="com.opensymphony.xwork2.config.impl.ActionConfigMatcherTest" name="testLooseMatch"/>
  <testcase time="0" classname="com.opensymphony.xwork2.config.impl.NamespaceMatcherTest" name="testMatch"/>
  <testcase time="0.002" classname="com.opensymphony.xwork2.config.providers.InterceptorBuilderTest" name="testBuildInterceptor_1"/>
  <testcase time="0.001" classname="com.opensymphony.xwork2.config.providers.InterceptorBuilderTest" name="testBuildInterceptor_2"/>
  <testcase time="0.001" classname="com.opensymphony.xwork2.config.providers.InterceptorBuilderTest" name="testBuildInterceptor_3"/>
  <testcase time="0.018" classname="com.opensymphony.xwork2.config.providers.XmlConfigurationProviderActionsTest" name="testActions"/>
  <testcase time="0.018" classname="com.opensymphony.xwork2.config.providers.XmlConfigurationProviderActionsTest" name="testInvalidActions"/>
  <testcase time="0.014" classname="com.opensymphony.xwork2.config.providers.XmlConfigurationProviderActionsTest" name="testPackageDefaultClassRef"/>
  <testcase time="0.023" classname="com.opensymphony.xwork2.config.providers.XmlConfigurationProviderActionsTest" name="testDefaultActionClass"/>
  <testcase time="0.018" classname="com.opensymphony.xwork2.config.providers.XmlConfigurationProviderExceptionMappingsTest" name="testActions"/>
  <testcase time="0.028" classname="com.opensymphony.xwork2.config.providers.XmlConfigurationProviderGlobalResultInheritenceTest" name="testGlobalResultInheritenceTest"/>
  <testcase time="0.014" classname="com.opensymphony.xwork2.config.providers.XmlConfigurationProviderInterceptorParamOverridingTest" name="testInterceptorParamOveriding"/>
  <testcase time="0.011" classname="com.opensymphony.xwork2.config.providers.XmlConfigurationProviderInterceptorStackParamOverridingTest" name="testInterceptorStackParamOveriding"/>
  <testcase time="0.02" classname="com.opensymphony.xwork2.config.providers.XmlConfigurationProviderInterceptorsSpringTest" name="testInterceptorsLoadedFromSpringApplicationContext"/>
  <testcase time="0.02" classname="com.opensymphony.xwork2.config.providers.XmlConfigurationProviderInterceptorsTest" name="testInterceptorInheritance"/>
  <testcase time="0.021" classname="com.opensymphony.xwork2.config.providers.XmlConfigurationProviderInterceptorsTest" name="testInterceptorParamOverriding"/>
  <testcase time="0.017" classname="com.opensymphony.xwork2.config.providers.XmlConfigurationProviderInterceptorsTest" name="testBasicInterceptors"/>
  <testcase time="0.007" classname="com.opensymphony.xwork2.config.providers.XmlConfigurationProviderInterceptorsTest" name="testInterceptorDefaultRefs"/>
  <testcase time="0.018" classname="com.opensymphony.xwork2.config.providers.XmlConfigurationProviderInvalidFileTest" name="testInvalidFileThrowsException"/>
  <testcase time="0.016" classname="com.opensymphony.xwork2.config.providers.XmlConfigurationProviderMultilevelTest" name="testMultiLevelInheritance"/>
  <testcase time="0.017" classname="com.opensymphony.xwork2.config.providers.XmlConfigurationProviderPackagesTest" name="testBadInheritance"/>
  <testcase time="0.015" classname="com.opensymphony.xwork2.config.providers.XmlConfigurationProviderPackagesTest" name="testDefaultClassRef"/>
  <testcase time="0.014" classname="com.opensymphony.xwork2.config.providers.XmlConfigurationProviderPackagesTest" name="testBasicPackages"/>
  <testcase time="0.027" classname="com.opensymphony.xwork2.config.providers.XmlConfigurationProviderPackagesTest" name="testPackageInheritance"/>
  <testcase time="0.017" classname="com.opensymphony.xwork2.config.providers.XmlConfigurationProviderPackagesTest" name="testDefaultPackage"/>
  <testcase time="0.018" classname="com.opensymphony.xwork2.config.providers.XmlConfigurationProviderResultTypesTest" name="testInheritedResultTypesParams"/>
  <testcase time="0.018" classname="com.opensymphony.xwork2.config.providers.XmlConfigurationProviderResultTypesTest" name="testPlainResultTypesParams"/>
  <testcase time="0.019" classname="com.opensymphony.xwork2.config.providers.XmlConfigurationProviderResultsTest" name="testActions"/>
  <testcase time="0.018" classname="com.opensymphony.xwork2.config.providers.XmlConfigurationProviderResultsTest" name="testResultTypes"/>
  <testcase time="0.016" classname="com.opensymphony.xwork2.config.providers.XmlConfigurationProviderResultsTest" name="testResultInheritance"/>
  <testcase time="0.169" classname="com.opensymphony.xwork2.config.providers.XmlConfigurationProviderTest" name="testConfigsInJarFiles"/>
  <testcase time="0.02" classname="com.opensymphony.xwork2.config.providers.XmlConfigurationProviderTest" name="testLoadOrder"/>
  <testcase time="0.019" classname="com.opensymphony.xwork2.config.providers.XmlConfigurationProviderTest" name="testNeedsReload"/>
  <testcase time="0.019" classname="com.opensymphony.xwork2.config.providers.XmlConfigurationProviderTest" name="testEmptySpaces"/>
  <testcase time="0" classname="com.opensymphony.xwork2.config.providers.XmlConfigurationProviderTest" name="testGuessResultType"/>
  <testcase time="0.072" classname="com.opensymphony.xwork2.config.providers.XmlConfigurationProviderTest" name="testInheritence"/>
  <testcase time="0.029" classname="com.opensymphony.xwork2.config.providers.XmlConfigurationProviderUnknownHandlerStackTest" name="testStackWithElements"/>
  <testcase time="0.027" classname="com.opensymphony.xwork2.config.providers.XmlConfigurationProviderUnknownHandlerStackTest" name="testEmptyStack"/>
  <testcase time="0.11" classname="com.opensymphony.xwork2.config.providers.XmlConfigurationProviderWildCardIncludeTest" name="testWildCardInclude"/>
  <testcase time="0.04" classname="com.opensymphony.xwork2.config.providers.XmlHelperTest" name="testGetParams"/>
  <testcase time="0.002" classname="com.opensymphony.xwork2.config.providers.XmlHelperTest" name="testGetContent2"/>
  <testcase time="0.001" classname="com.opensymphony.xwork2.config.providers.XmlHelperTest" name="testGetContent1"/>
  <testcase time="0.002" classname="com.opensymphony.xwork2.conversion.impl.AnnotationXWorkConverterTest" name="testStringToPrimitives"/>
  <testcase time="0.003" classname="com.opensymphony.xwork2.conversion.impl.AnnotationXWorkConverterTest" name="testStringArrayToPrimitiveWrappers"/>
  <testcase time="0.001" classname="com.opensymphony.xwork2.conversion.impl.AnnotationXWorkConverterTest" name="testStringArrayToList"/>
  <testcase time="0.002" classname="com.opensymphony.xwork2.conversion.impl.AnnotationXWorkConverterTest" name="testLocalizedDateConversion"/>
  <testcase time="0.002" classname="com.opensymphony.xwork2.conversion.impl.AnnotationXWorkConverterTest" name="testDateConversion"/>
  <testcase time="0.013" classname="com.opensymphony.xwork2.conversion.impl.AnnotationXWorkConverterTest" name="testGenericPropertiesFromField"/>
  <testcase time="0" classname="com.opensymphony.xwork2.conversion.impl.AnnotationXWorkConverterTest" name="testStringArrayToCollection"/>
  <testcase time="0.002" classname="com.opensymphony.xwork2.conversion.impl.AnnotationXWorkConverterTest" name="testGenericProperties"/>
  <testcase time="0" classname="com.opensymphony.xwork2.conversion.impl.AnnotationXWorkConverterTest" name="testStringArrayToSet"/>
  <testcase time="0.001" classname="com.opensymphony.xwork2.conversion.impl.AnnotationXWorkConverterTest" name="testGenericPropertiesFromGetter"/>
  <testcase time="0.001" classname="com.opensymphony.xwork2.conversion.impl.AnnotationXWorkConverterTest" name="testStringToPrimitiveWrappers"/>
  <testcase time="0.001" classname="com.opensymphony.xwork2.conversion.impl.AnnotationXWorkConverterTest" name="testStringToCustomTypeUsingCustomConverter"/>
  <testcase time="0.014" classname="com.opensymphony.xwork2.conversion.impl.AnnotationXWorkConverterTest" name="testFieldErrorMessageAddedForComplexProperty"/>
  <testcase time="0.016" classname="com.opensymphony.xwork2.conversion.impl.AnnotationXWorkConverterTest" name="testStringToCollectionConversion"/>
  <testcase time="0.008" classname="com.opensymphony.xwork2.conversion.impl.AnnotationXWorkConverterTest" name="testFieldErrorMessageAddedWhenConversionFailsOnModelDriven"/>
  <testcase time="0.003" classname="com.opensymphony.xwork2.conversion.impl.AnnotationXWorkConverterTest" name="testValueStackWithTypeParameter"/>
  <testcase time="0.004" classname="com.opensymphony.xwork2.conversion.impl.AnnotationXWorkConverterTest" name="testGenericPropertiesFromSetter"/>
  <testcase time="0.006" classname="com.opensymphony.xwork2.conversion.impl.AnnotationXWorkConverterTest" name="testFindConversionMappingForInterface"/>
  <testcase time="0.002" classname="com.opensymphony.xwork2.conversion.impl.AnnotationXWorkConverterTest" name="testStringArrayToPrimitives"/>
  <testcase time="0.004" classname="com.opensymphony.xwork2.conversion.impl.AnnotationXWorkConverterTest" name="testFindConversionErrorMessage"/>
  <testcase time="0.002" classname="com.opensymphony.xwork2.conversion.impl.AnnotationXWorkConverterTest" name="testArrayToNumberConversion"/>
  <testcase time="0.015" classname="com.opensymphony.xwork2.conversion.impl.AnnotationXWorkConverterTest" name="testFieldErrorMessageAddedWhenConversionFails"/>
  <testcase time="0" classname="com.opensymphony.xwork2.conversion.impl.InstantiatingNullHandlerTest" name="testBlank"/>
  <testcase time="0.004" classname="com.opensymphony.xwork2.conversion.impl.XWorkBasicConverterTest" name="testDateWithLocaleFrance"/>
  <testcase time="0.001" classname="com.opensymphony.xwork2.conversion.impl.XWorkBasicConverterTest" name="testDoubleValues"/>
  <testcase time="0.001" classname="com.opensymphony.xwork2.conversion.impl.XWorkBasicConverterTest" name="testNestedEnumValue"/>
  <testcase time="0" classname="com.opensymphony.xwork2.conversion.impl.XWorkBasicConverterTest" name="testNegativeDoubleValue"/>
  <testcase time="0" classname="com.opensymphony.xwork2.conversion.impl.XWorkBasicConverterTest" name="testDateConversionWithEmptyValue"/>
  <testcase time="0" classname="com.opensymphony.xwork2.conversion.impl.XWorkBasicConverterTest" name="testNullArrayConversion"/>
  <testcase time="0" classname="com.opensymphony.xwork2.conversion.impl.XWorkBasicConverterTest" name="testNegativeFloatValue"/>
  <testcase time="0.003" classname="com.opensymphony.xwork2.conversion.impl.XWorkBasicConverterTest" name="testDateWithLocalePoland"/>
  <testcase time="0" classname="com.opensymphony.xwork2.conversion.impl.XWorkBasicConverterTest" name="testPositiveFloatValue"/>
  <testcase time="0.002" classname="com.opensymphony.xwork2.conversion.impl.XWorkBasicConverterTest" name="testDateConversionWithInvalidValue"/>
  <testcase time="0.001" classname="com.opensymphony.xwork2.conversion.impl.XWorkBasicConverterTest" name="testPositiveDoubleValue"/>
  <testcase time="0" classname="com.opensymphony.xwork2.conversion.impl.XWorkBasicConverterTest" name="testConvert"/>
  <testcase time="0" classname="com.opensymphony.xwork2.conversion.impl.XWorkBasicConverterTest" name="testFloatValues"/>
  <testcase time="0.002" classname="com.opensymphony.xwork2.conversion.impl.XWorkBasicConverterTest" name="testDateWithLocaleUK"/>
  <testcase time="0" classname="com.opensymphony.xwork2.conversion.impl.XWorkBasicConverterTest" name="testEmptyArrayConversion"/>
  <testcase time="0.004" classname="com.opensymphony.xwork2.conversion.impl.XWorkConverterTest" name="testFieldErrorMessageAddedWhenConversionFails"/>
  <testcase time="0.001" classname="com.opensymphony.xwork2.conversion.impl.XWorkConverterTest" name="testArrayToNumberConversion"/>
  <testcase time="0.001" classname="com.opensymphony.xwork2.conversion.impl.XWorkConverterTest" name="testValueStackWithTypeParameter"/>
  <testcase time="0.001" classname="com.opensymphony.xwork2.conversion.impl.XWorkConverterTest" name="testStringToInteger"/>
  <testcase time="0" classname="com.opensymphony.xwork2.conversion.impl.XWorkConverterTest" name="testConvertBoolean"/>
  <testcase time="0.003" classname="com.opensymphony.xwork2.conversion.impl.XWorkConverterTest" name="testFindConversionErrorMessage"/>
  <testcase time="0.002" classname="com.opensymphony.xwork2.conversion.impl.XWorkConverterTest" name="testFindConversionMappingForInterface"/>
  <testcase time="0.002" classname="com.opensymphony.xwork2.conversion.impl.XWorkConverterTest" name="testStringArrayToPrimitives"/>
  <testcase time="0.003" classname="com.opensymphony.xwork2.conversion.impl.XWorkConverterTest" name="testStringToPrimitiveDouble"/>
  <testcase time="0.003" classname="com.opensymphony.xwork2.conversion.impl.XWorkConverterTest" name="testStringToCollectionConversion"/>
  <testcase time="0.007" classname="com.opensymphony.xwork2.conversion.impl.XWorkConverterTest" name="testFieldErrorMessageAddedWhenConversionFailsOnModelDriven"/>
  <testcase time="0.007" classname="com.opensymphony.xwork2.conversion.impl.XWorkConverterTest" name="testStringToCustomTypeUsingCustomConverterFromProperties"/>
  <testcase time="0.001" classname="com.opensymphony.xwork2.conversion.impl.XWorkConverterTest" name="testConvertPrimitiveArraysToString"/>
  <testcase time="0.002" classname="com.opensymphony.xwork2.conversion.impl.XWorkConverterTest" name="testStringToPrimitiveWrappers"/>
  <testcase time="0.004" classname="com.opensymphony.xwork2.conversion.impl.XWorkConverterTest" name="testOverflows"/>
  <testcase time="0.001" classname="com.opensymphony.xwork2.conversion.impl.XWorkConverterTest" name="testStringToIntConversions"/>
  <testcase time="0" classname="com.opensymphony.xwork2.conversion.impl.XWorkConverterTest" name="testStringArrayToSet"/>
  <testcase time="0" classname="com.opensymphony.xwork2.conversion.impl.XWorkConverterTest" name="testConvertChar"/>
  <testcase time="0.002" classname="com.opensymphony.xwork2.conversion.impl.XWorkConverterTest" name="testFieldErrorMessageAddedForComplexProperty"/>
  <testcase time="0" classname="com.opensymphony.xwork2.conversion.impl.XWorkConverterTest" name="testStringToCustomTypeUsingCustomConverter"/>
  <testcase time="0.003" classname="com.opensymphony.xwork2.conversion.impl.XWorkConverterTest" name="testNestedConverters"/>
  <testcase time="0.001" classname="com.opensymphony.xwork2.conversion.impl.XWorkConverterTest" name="testNotPrimitiveDefaultsToNull"/>
  <testcase time="0.004" classname="com.opensymphony.xwork2.conversion.impl.XWorkConverterTest" name="testStringToDouble"/>
  <testcase time="0" classname="com.opensymphony.xwork2.conversion.impl.XWorkConverterTest" name="testStringToInt"/>
  <testcase time="0" classname="com.opensymphony.xwork2.conversion.impl.XWorkConverterTest" name="testStringArrayToCollection"/>
  <testcase time="0.002" classname="com.opensymphony.xwork2.conversion.impl.XWorkConverterTest" name="testDateConversion"/>
  <testcase time="0.003" classname="com.opensymphony.xwork2.conversion.impl.XWorkConverterTest" name="testDateStrictConversion"/>
  <testcase time="0.001" classname="com.opensymphony.xwork2.conversion.impl.XWorkConverterTest" name="testLocalizedDateConversion"/>
  <testcase time="0.001" classname="com.opensymphony.xwork2.conversion.impl.XWorkConverterTest" name="testConvertSameCollectionToCollection"/>
  <testcase time="0.001" classname="com.opensymphony.xwork2.conversion.impl.XWorkConverterTest" name="testConvertSqlTimestamp"/>
  <testcase time="0.002" classname="com.opensymphony.xwork2.conversion.impl.XWorkConverterTest" name="testStringToPrimitives"/>
  <testcase time="0" classname="com.opensymphony.xwork2.conversion.impl.XWorkConverterTest" name="testStringToEnum"/>
  <testcase time="0" classname="com.opensymphony.xwork2.conversion.impl.XWorkConverterTest" name="testStringArrayToList"/>
  <testcase time="0.002" classname="com.opensymphony.xwork2.conversion.impl.XWorkConverterTest" name="testStringArrayToPrimitiveWrappers"/>
  <testcase time="0.001" classname="com.opensymphony.xwork2.conversion.impl.XWorkConverterTest" name="testConvertClass"/>
  <testcase time="0.001" classname="com.opensymphony.xwork2.interceptor.AliasInterceptorTest" name="testSetAliasKeys"/>
  <testcase time="0" classname="com.opensymphony.xwork2.interceptor.AliasInterceptorTest" name="testInvalidAliasExpression"/>
  <testcase time="0.045" classname="com.opensymphony.xwork2.interceptor.AliasInterceptorTest" name="testUsingDefaultInterceptorThatAliasPropertiesAreCopied"/>
  <testcase time="0" classname="com.opensymphony.xwork2.interceptor.AliasInterceptorTest" name="testSetInvalidAliasKeys"/>
  <testcase time="0.005" classname="com.opensymphony.xwork2.interceptor.ChainingInterceptorTest" name="testActionErrorsCanBeAddedAfterChain"/>
  <testcase time="0.004" classname="com.opensymphony.xwork2.interceptor.ChainingInterceptorTest" name="testExcludesPropertiesChained"/>
  <testcase time="0.002" classname="com.opensymphony.xwork2.interceptor.ChainingInterceptorTest" name="testTwoExcludesPropertiesChained"/>
  <testcase time="0.015" classname="com.opensymphony.xwork2.interceptor.ChainingInterceptorTest" name="testActionErrorsNotCopiedAfterChain"/>
  <testcase time="0" classname="com.opensymphony.xwork2.interceptor.ChainingInterceptorTest" name="testNullCompoundRootElementAllowsProcessToContinue"/>
  <testcase time="0.002" classname="com.opensymphony.xwork2.interceptor.ChainingInterceptorTest" name="testPropertiesChained"/>
  <testcase time="0.001" classname="com.opensymphony.xwork2.interceptor.ConversionErrorInterceptorTest" name="testFieldErrorWithMapKeyAdded"/>
  <testcase time="0.002" classname="com.opensymphony.xwork2.interceptor.ConversionErrorInterceptorTest" name="testWithPreResultListener"/>
  <testcase time="0.002" classname="com.opensymphony.xwork2.interceptor.ConversionErrorInterceptorTest" name="testFieldErrorAdded"/>
  <testcase time="0.018" classname="com.opensymphony.xwork2.interceptor.DefaultWorkflowInterceptorTest" name="testInvokesActionInvocationIfNoErrors"/>
  <testcase time="0.012" classname="com.opensymphony.xwork2.interceptor.DefaultWorkflowInterceptorTest" name="testIncludesAndExcludesMethodWithIncludeWildcardAndNoMatches"/>
  <testcase time="0.014" classname="com.opensymphony.xwork2.interceptor.DefaultWorkflowInterceptorTest" name="testNoValidateAction"/>
  <testcase time="0.013" classname="com.opensymphony.xwork2.interceptor.DefaultWorkflowInterceptorTest" name="testReturnsInputWithoutExecutingIfHasErrors"/>
  <testcase time="0.014" classname="com.opensymphony.xwork2.interceptor.DefaultWorkflowInterceptorTest" name="testIncludesMethod"/>
  <testcase time="0.009" classname="com.opensymphony.xwork2.interceptor.DefaultWorkflowInterceptorTest" name="testIncludesAndExcludesMethodWithExcludeWildcard"/>
  <testcase time="0.007" classname="com.opensymphony.xwork2.interceptor.DefaultWorkflowInterceptorTest" name="testExcludesMethod"/>
  <testcase time="0.01" classname="com.opensymphony.xwork2.interceptor.DefaultWorkflowInterceptorTest" name="testIncludesAndExcludesMethodAllWildCarded"/>
  <testcase time="0.01" classname="com.opensymphony.xwork2.interceptor.DefaultWorkflowInterceptorTest" name="testIncludesAndExcludesMethodWithIncludeWildcard"/>
  <testcase time="0.01" classname="com.opensymphony.xwork2.interceptor.DefaultWorkflowInterceptorTest" name="testIncludesMethodWithWildcard"/>
  <testcase time="0.009" classname="com.opensymphony.xwork2.interceptor.DefaultWorkflowInterceptorTest" name="testIncludesAndExcludesMethod"/>
  <testcase time="0.012" classname="com.opensymphony.xwork2.interceptor.DefaultWorkflowInterceptorTest" name="testExcludesMethodWithWildCard"/>
  <testcase time="0.002" classname="com.opensymphony.xwork2.interceptor.ExceptionMappingInterceptorTest" name="testThrownExceptionNoMatchLoggingCategoryLevelWarn"/>
  <testcase time="0.001" classname="com.opensymphony.xwork2.interceptor.ExceptionMappingInterceptorTest" name="testThrownExceptionMatching2"/>
  <testcase time="0.001" classname="com.opensymphony.xwork2.interceptor.ExceptionMappingInterceptorTest" name="testThrownExceptionNoMatchLoggingCategoryLevelInfo"/>
  <testcase time="0" classname="com.opensymphony.xwork2.interceptor.ExceptionMappingInterceptorTest" name="testThrownExceptionNoMatchLoggingCategoryLevelDebug"/>
  <testcase time="0" classname="com.opensymphony.xwork2.interceptor.ExceptionMappingInterceptorTest" name="testThrownExceptionNoMatchLoggingUnknownLevel"/>
  <testcase time="0" classname="com.opensymphony.xwork2.interceptor.ExceptionMappingInterceptorTest" name="testThrownExceptionNoMatch"/>
  <testcase time="0" classname="com.opensymphony.xwork2.interceptor.ExceptionMappingInterceptorTest" name="testThrownExceptionNoMatchLoggingCategory"/>
  <testcase time="0" classname="com.opensymphony.xwork2.interceptor.ExceptionMappingInterceptorTest" name="testThrownExceptionNoMatchLoggingCategoryLevelTrace"/>
  <testcase time="0" classname="com.opensymphony.xwork2.interceptor.ExceptionMappingInterceptorTest" name="testThrownExceptionNoMatchLoggingCategoryLevelFatal"/>
  <testcase time="0" classname="com.opensymphony.xwork2.interceptor.ExceptionMappingInterceptorTest" name="testThrownExceptionNoMatchLogging"/>
  <testcase time="0" classname="com.opensymphony.xwork2.interceptor.ExceptionMappingInterceptorTest" name="testNoThrownException"/>
  <testcase time="0" classname="com.opensymphony.xwork2.interceptor.ExceptionMappingInterceptorTest" name="testThrownExceptionNoMatchLoggingCategoryLevelError"/>
  <testcase time="0.001" classname="com.opensymphony.xwork2.interceptor.ExceptionMappingInterceptorTest" name="testThrownExceptionMatching"/>
  <testcase time="0" classname="com.opensymphony.xwork2.interceptor.I18nInterceptorTest" name="testCountryOnlyLocale"/>
  <testcase time="0" classname="com.opensymphony.xwork2.interceptor.I18nInterceptorTest" name="testActionContextLocaleIsPreservedWhenNotOverridden"/>
  <testcase time="0" classname="com.opensymphony.xwork2.interceptor.I18nInterceptorTest" name="testDenmarkLocaleRequestOnly"/>
  <testcase time="0" classname="com.opensymphony.xwork2.interceptor.I18nInterceptorTest" name="testEmptyParamAndSession"/>
  <testcase time="0" classname="com.opensymphony.xwork2.interceptor.I18nInterceptorTest" name="testSetParameterAndAttributeNames"/>
  <testcase time="0" classname="com.opensymphony.xwork2.interceptor.I18nInterceptorTest" name="testWithVariantRequestOnly"/>
  <testcase time="0" classname="com.opensymphony.xwork2.interceptor.I18nInterceptorTest" name="testRealLocalesInParams"/>
  <testcase time="0" classname="com.opensymphony.xwork2.interceptor.I18nInterceptorTest" name="testRealLocaleObjectInParams"/>
  <testcase time="0" classname="com.opensymphony.xwork2.interceptor.I18nInterceptorTest" name="testLanguageOnlyLocale"/>
  <testcase time="0" classname="com.opensymphony.xwork2.interceptor.I18nInterceptorTest" name="testDefaultLocale"/>
  <testcase time="0" classname="com.opensymphony.xwork2.interceptor.I18nInterceptorTest" name="testNoSession"/>
  <testcase time="0" classname="com.opensymphony.xwork2.interceptor.I18nInterceptorTest" name="testWithVariant"/>
  <testcase time="0.001" classname="com.opensymphony.xwork2.interceptor.I18nInterceptorTest" name="testDenmarkLocale"/>
  <testcase time="0" classname="com.opensymphony.xwork2.interceptor.MethodFilterInterceptorUtilTest" name="testApplyMethodNoWildcards"/>
  <testcase time="0" classname="com.opensymphony.xwork2.interceptor.MethodFilterInterceptorUtilTest" name="testApplyMethodWithWildcards"/>
  <testcase time="0" classname="com.opensymphony.xwork2.interceptor.ModelDrivenInterceptorTest" name="testModelDrivenGetsPushedOntoStack"/>
  <testcase time="0" classname="com.opensymphony.xwork2.interceptor.ModelDrivenInterceptorTest" name="testStackNotModifedForNormalAction"/>
  <testcase time="0.001" classname="com.opensymphony.xwork2.interceptor.ModelDrivenInterceptorTest" name="testModelDrivenUpdatedAndGetsPushedOntoStack"/>
  <testcase time="0" classname="com.opensymphony.xwork2.interceptor.ParameterFilterInterceptorTest" name="testBasicBlockAll"/>
  <testcase time="0.001" classname="com.opensymphony.xwork2.interceptor.ParameterFilterInterceptorTest" name="testTreeBlocking"/>
  <testcase time="0" classname="com.opensymphony.xwork2.interceptor.ParameterFilterInterceptorTest" name="testEnsureOnlyPropsBlocked"/>
  <testcase time="0" classname="com.opensymphony.xwork2.interceptor.ParameterFilterInterceptorTest" name="testBasicBlocked"/>
  <testcase time="0" classname="com.opensymphony.xwork2.interceptor.ParameterFilterInterceptorTest" name="testBasicAllowed"/>
  <testcase time="0" classname="com.opensymphony.xwork2.interceptor.ParameterFilterInterceptorTest" name="testAllSubpropertiesBlocked"/>
  <testcase time="0" classname="com.opensymphony.xwork2.interceptor.ParameterFilterInterceptorTest" name="testAllSubpropertiesAllowed"/>
  <testcase time="0.001" classname="com.opensymphony.xwork2.interceptor.ParameterRemoverInterceptorTest" name="testInterception1"/>
  <testcase time="0" classname="com.opensymphony.xwork2.interceptor.ParameterRemoverInterceptorTest" name="testInterception3"/>
  <testcase time="0.001" classname="com.opensymphony.xwork2.interceptor.ParameterRemoverInterceptorTest" name="testInterception2"/>
  <testcase time="0.001" classname="com.opensymphony.xwork2.interceptor.ParametersInterceptorTest" name="testParametersDoesNotAffectSession"/>
  <testcase time="0.002" classname="com.opensymphony.xwork2.interceptor.ParametersInterceptorTest" name="testModelDrivenParameters"/>
  <testcase time="0.006" classname="com.opensymphony.xwork2.interceptor.ParametersInterceptorTest" name="testParametersWithSpacesInTheName"/>
  <testcase time="0.016" classname="com.opensymphony.xwork2.interceptor.ParametersInterceptorTest" name="testNonexistentParametersAreIgnoredInProductionMode"/>
  <testcase time="0.006" classname="com.opensymphony.xwork2.interceptor.ParametersInterceptorTest" name="testParametersNotAccessProtectedMethods"/>
  <testcase time="0.018" classname="com.opensymphony.xwork2.interceptor.ParametersInterceptorTest" name="testNonexistentParametersGetLoggedInDevMode"/>
  <testcase time="0.002" classname="com.opensymphony.xwork2.interceptor.ParametersInterceptorTest" name="testNoOrdered"/>
  <testcase time="0.004" classname="com.opensymphony.xwork2.interceptor.ParametersInterceptorTest" name="testAcceptedTrickyParameters"/>
  <testcase time="0.001" classname="com.opensymphony.xwork2.interceptor.ParametersInterceptorTest" name="testSetOrdered"/>
  <testcase time="0.001" classname="com.opensymphony.xwork2.interceptor.ParametersInterceptorTest" name="testParametersOverwriteField"/>
  <testcase time="0.004" classname="com.opensymphony.xwork2.interceptor.ParametersInterceptorTest" name="testParametersNotAccessPrivateVariables"/>
  <testcase time="0.001" classname="com.opensymphony.xwork2.interceptor.ParametersInterceptorTest" name="testParameters"/>
  <testcase time="0.001" classname="com.opensymphony.xwork2.interceptor.ParametersInterceptorTest" name="testInternalParametersAreIgnored"/>
  <testcase time="0.002" classname="com.opensymphony.xwork2.interceptor.ParametersInterceptorTest" name="testExcludedTrickyParameters"/>
  <testcase time="0.001" classname="com.opensymphony.xwork2.interceptor.ParametersInterceptorTest" name="testOrdered"/>
  <testcase time="0.002" classname="com.opensymphony.xwork2.interceptor.ParametersInterceptorTest" name="testParameterNameAware"/>
  <testcase time="0.001" classname="com.opensymphony.xwork2.interceptor.ParametersInterceptorTest" name="testDoesNotAllowMethodInvocations"/>
  <testcase time="0" classname="com.opensymphony.xwork2.interceptor.ParametersInterceptorTest" name="testNoParametersAction"/>
  <testcase time="0.001" classname="com.opensymphony.xwork2.interceptor.ParametersInterceptorTest" name="testExcludedParametersAreIgnored"/>
  <testcase time="0.002" classname="com.opensymphony.xwork2.interceptor.ParametersInterceptorTest" name="testAccessToOgnlInternals"/>
  <testcase time="0.001" classname="com.opensymphony.xwork2.interceptor.PreResultListenerTest" name="testPreResultListenersAreCalledInOrder"/>
  <testcase time="0.001" classname="com.opensymphony.xwork2.interceptor.PreResultListenerTest" name="testPreResultListenersAreCalled"/>
  <testcase time="0" classname="com.opensymphony.xwork2.interceptor.PrefixMethodInvocationUtilTest" name="testInvokePrefixMethod5"/>
  <testcase time="0" classname="com.opensymphony.xwork2.interceptor.PrefixMethodInvocationUtilTest" name="testInvokePrefixMethod4"/>
  <testcase time="0" classname="com.opensymphony.xwork2.interceptor.PrefixMethodInvocationUtilTest" name="testInvokePrefixMethod3"/>
  <testcase time="0" classname="com.opensymphony.xwork2.interceptor.PrefixMethodInvocationUtilTest" name="testInvokePrefixMethod2"/>
  <testcase time="0" classname="com.opensymphony.xwork2.interceptor.PrefixMethodInvocationUtilTest" name="testInvokePrefixMethod1"/>
  <testcase time="0" classname="com.opensymphony.xwork2.interceptor.PrefixMethodInvocationUtilTest" name="testGetPrefixMethod5"/>
  <testcase time="0" classname="com.opensymphony.xwork2.interceptor.PrefixMethodInvocationUtilTest" name="testGetPrefixMethod4"/>
  <testcase time="0" classname="com.opensymphony.xwork2.interceptor.PrefixMethodInvocationUtilTest" name="testGetPrefixMethod3"/>
  <testcase time="0" classname="com.opensymphony.xwork2.interceptor.PrefixMethodInvocationUtilTest" name="testGetPrefixMethod2"/>
  <testcase time="0" classname="com.opensymphony.xwork2.interceptor.PrefixMethodInvocationUtilTest" name="testGetPrefixMethod1"/>
  <testcase time="0" classname="com.opensymphony.xwork2.interceptor.PrefixMethodInvocationUtilTest" name="testCapitalizeMethodName"/>
  <testcase time="0" classname="com.opensymphony.xwork2.interceptor.PrepareInterceptorTest" name="testFirstCallPrepareDoIsFalse"/>
  <testcase time="0" classname="com.opensymphony.xwork2.interceptor.PrepareInterceptorTest" name="testPrepareCalledTrue"/>
  <testcase time="0.001" classname="com.opensymphony.xwork2.interceptor.PrepareInterceptorTest" name="testPrefixInvocation1"/>
  <testcase time="0" classname="com.opensymphony.xwork2.interceptor.PrepareInterceptorTest" name="testPrefixInvocation2"/>
  <testcase time="0" classname="com.opensymphony.xwork2.interceptor.PrepareInterceptorTest" name="testFirstCallPrepareDoIsTrue"/>
  <testcase time="0" classname="com.opensymphony.xwork2.interceptor.PrepareInterceptorTest" name="testPrepareCalledDefault"/>
  <testcase time="0.001" classname="com.opensymphony.xwork2.interceptor.PrepareInterceptorTest" name="testNoPrepareCalled"/>
  <testcase time="0" classname="com.opensymphony.xwork2.interceptor.PrepareInterceptorTest" name="testPrepareCalledFalse"/>
  <testcase time="0" classname="com.opensymphony.xwork2.interceptor.PrepareInterceptorTest" name="testPrepareThrowException"/>
  <testcase time="0.001" classname="com.opensymphony.xwork2.interceptor.ScopedModelDrivenInterceptorTest" name="testScopedModelDrivenActionWithSetClassName"/>
  <testcase time="0" classname="com.opensymphony.xwork2.interceptor.ScopedModelDrivenInterceptorTest" name="testResolveModel"/>
  <testcase time="0" classname="com.opensymphony.xwork2.interceptor.ScopedModelDrivenInterceptorTest" name="testModelOnSession"/>
  <testcase time="0.001" classname="com.opensymphony.xwork2.interceptor.ScopedModelDrivenInterceptorTest" name="testNoScopedModelAction"/>
  <testcase time="0" classname="com.opensymphony.xwork2.interceptor.ScopedModelDrivenInterceptorTest" name="testScopedModelDrivenAction"/>
  <testcase time="0" classname="com.opensymphony.xwork2.interceptor.ScopedModelDrivenInterceptorTest" name="testModelAlreadySetOnAction"/>
  <testcase time="0.001" classname="com.opensymphony.xwork2.interceptor.StaticParametersInterceptorTest" name="testNoMerge"/>
  <testcase time="0.001" classname="com.opensymphony.xwork2.interceptor.StaticParametersInterceptorTest" name="testParameterizable"/>
  <testcase time="0.002" classname="com.opensymphony.xwork2.interceptor.StaticParametersInterceptorTest" name="testFewParametersParse"/>
  <testcase time="0" classname="com.opensymphony.xwork2.interceptor.StaticParametersInterceptorTest" name="testWithOneParameters"/>
  <testcase time="0.001" classname="com.opensymphony.xwork2.interceptor.StaticParametersInterceptorTest" name="testWithOneParametersParse"/>
  <testcase time="0" classname="com.opensymphony.xwork2.interceptor.StaticParametersInterceptorTest" name="testWithOneParametersNoParse"/>
  <testcase time="0.001" classname="com.opensymphony.xwork2.interceptor.TimerInterceptorTest" name="testDefault"/>
  <testcase time="0" classname="com.opensymphony.xwork2.interceptor.TimerInterceptorTest" name="testInputMethod"/>
  <testcase time="0" classname="com.opensymphony.xwork2.interceptor.TimerInterceptorTest" name="testInvalidLogLevel"/>
  <testcase time="0" classname="com.opensymphony.xwork2.interceptor.TimerInterceptorTest" name="testNoNamespace"/>
  <testcase time="0" classname="com.opensymphony.xwork2.interceptor.TimerInterceptorTest" name="testDebugLevel"/>
  <testcase time="0" classname="com.opensymphony.xwork2.interceptor.TimerInterceptorTest" name="testErrorLevel"/>
  <testcase time="0" classname="com.opensymphony.xwork2.interceptor.TimerInterceptorTest" name="testTraceLevel"/>
  <testcase time="0" classname="com.opensymphony.xwork2.interceptor.TimerInterceptorTest" name="testTimerInterceptor"/>
  <testcase time="0" classname="com.opensymphony.xwork2.interceptor.TimerInterceptorTest" name="testWarnLevel"/>
  <testcase time="0" classname="com.opensymphony.xwork2.interceptor.TimerInterceptorTest" name="testFatalLevel"/>
  <testcase time="0" classname="com.opensymphony.xwork2.interceptor.TimerInterceptorTest" name="testInfoLevel"/>
  <testcase time="0" classname="com.opensymphony.xwork2.interceptor.TimerInterceptorTest" name="testLogCategory"/>
  <testcase time="0.001" classname="com.opensymphony.xwork2.interceptor.TimerInterceptorTest" name="testLogCategoryLevel"/>
  <testcase time="0.007" classname="com.opensymphony.xwork2.interceptor.ValidationInterceptorPrefixMethodInvocationTest" name="testPrefixMethodInvocation1"/>
  <testcase time="0.007" classname="com.opensymphony.xwork2.interceptor.ValidationInterceptorPrefixMethodInvocationTest" name="testPrefixMethodInvocation2"/>
  <testcase time="0.003" classname="com.opensymphony.xwork2.interceptor.annotations.AnnotationParameterFilterUnitTest" name="testAllowingByDefault"/>
  <testcase time="0.003" classname="com.opensymphony.xwork2.interceptor.annotations.AnnotationParameterFilterUnitTest" name="testBlockingByDefaultWithModel"/>
  <testcase time="0" classname="com.opensymphony.xwork2.interceptor.annotations.AnnotationParameterFilterUnitTest" name="testBlockingByDefault"/>
  <testcase time="0" classname="com.opensymphony.xwork2.interceptor.annotations.AnnotationParameterFilterUnitTest" name="testAllowingByDefaultWithModel"/>
  <testcase time="0.006" classname="com.opensymphony.xwork2.interceptor.annotations.AnnotationWorkflowInterceptorTest" name="testInterceptsBeforeAndAfter"/>
  <testcase time="0" classname="com.opensymphony.xwork2.interceptor.annotations.AnnotationWorkflowInterceptorTest" name="testInterceptsShortcircuitedAction"/>
  <testcase time="0.001" classname="com.opensymphony.xwork2.ognl.OgnlUtilTest" name="testNullProperties"/>
  <testcase time="0" classname="com.opensymphony.xwork2.ognl.OgnlUtilTest" name="testSetPropertiesInt"/>
  <testcase time="0" classname="com.opensymphony.xwork2.ognl.OgnlUtilTest" name="testStringToLong"/>
  <testcase time="0" classname="com.opensymphony.xwork2.ognl.OgnlUtilTest" name="testSetPropertiesBoolean"/>
  <testcase time="0.002" classname="com.opensymphony.xwork2.ognl.OgnlUtilTest" name="testGetTopTarget"/>
  <testcase time="0.002" classname="com.opensymphony.xwork2.ognl.OgnlUtilTest" name="testGetBeanMapNoReadMethod"/>
  <testcase time="0" classname="com.opensymphony.xwork2.ognl.OgnlUtilTest" name="testNoExceptionForUnmatchedGetterAndSetterWithThrowPropertyException"/>
  <testcase time="0.001" classname="com.opensymphony.xwork2.ognl.OgnlUtilTest" name="testCacheEnabled"/>
  <testcase time="0.001" classname="com.opensymphony.xwork2.ognl.OgnlUtilTest" name="testSetPropertiesLongArray"/>
  <testcase time="0.003" classname="com.opensymphony.xwork2.ognl.OgnlUtilTest" name="testGetBeanMap"/>
  <testcase time="0.002" classname="com.opensymphony.xwork2.ognl.OgnlUtilTest" name="testSetList"/>
  <testcase time="0.001" classname="com.opensymphony.xwork2.ognl.OgnlUtilTest" name="testCopyNull"/>
  <testcase time="0.001" classname="com.opensymphony.xwork2.ognl.OgnlUtilTest" name="testOgnlHandlesCrapAtTheEndOfANumber"/>
  <testcase time="0.006" classname="com.opensymphony.xwork2.ognl.OgnlUtilTest" name="testIncudeExcludes"/>
  <testcase time="0" classname="com.opensymphony.xwork2.ognl.OgnlUtilTest" name="testCacheDisabled"/>
  <testcase time="0.003" classname="com.opensymphony.xwork2.ognl.OgnlUtilTest" name="testExceptionForWrongPropertyNameWithThrowPropertyException"/>
  <testcase time="0" classname="com.opensymphony.xwork2.ognl.OgnlUtilTest" name="testSetProperty"/>
  <testcase time="0.002" classname="com.opensymphony.xwork2.ognl.OgnlUtilTest" name="testCopyUnevenObjects"/>
  <testcase time="0.008" classname="com.opensymphony.xwork2.ognl.OgnlUtilTest" name="testCopySameType"/>
  <testcase time="0" classname="com.opensymphony.xwork2.ognl.OgnlUtilTest" name="testSetPropertiesString"/>
  <testcase time="0.003" classname="com.opensymphony.xwork2.ognl.OgnlUtilTest" name="testCanSetDependentObjectArray"/>
  <testcase time="0.001" classname="com.opensymphony.xwork2.ognl.OgnlUtilTest" name="testDeepSetting"/>
  <testcase time="0.002" classname="com.opensymphony.xwork2.ognl.OgnlUtilTest" name="testCanSetADependentObject"/>
  <testcase time="0.008" classname="com.opensymphony.xwork2.ognl.OgnlUtilTest" name="testSetPropertiesDate"/>
  <testcase time="0.001" classname="com.opensymphony.xwork2.ognl.OgnlUtilTest" name="testSetIndexedValue"/>
  <testcase time="0.006" classname="com.opensymphony.xwork2.ognl.OgnlUtilTest" name="testSetBigIndexedValue"/>
  <testcase time="0" classname="com.opensymphony.xwork2.ognl.OgnlValueStackTest" name="testBasicSet"/>
  <testcase time="0" classname="com.opensymphony.xwork2.ognl.OgnlValueStackTest" name="testSetMultiple"/>
  <testcase time="0.001" classname="com.opensymphony.xwork2.ognl.OgnlValueStackTest" name="testPetSoarBug"/>
  <testcase time="0.003" classname="com.opensymphony.xwork2.ognl.OgnlValueStackTest" name="testNoExceptionInSetForDefault"/>
  <testcase time="0" classname="com.opensymphony.xwork2.ognl.OgnlValueStackTest" name="testNullEntry"/>
  <testcase time="0" classname="com.opensymphony.xwork2.ognl.OgnlValueStackTest" name="testTop"/>
  <testcase time="0" classname="com.opensymphony.xwork2.ognl.OgnlValueStackTest" name="testConvertStringArrayToList"/>
  <testcase time="0.001" classname="com.opensymphony.xwork2.ognl.OgnlValueStackTest" name="testGetBarAsString"/>
  <testcase time="0.004" classname="com.opensymphony.xwork2.ognl.OgnlValueStackTest" name="testFindValueWithConversion"/>
  <testcase time="0" classname="com.opensymphony.xwork2.ognl.OgnlValueStackTest" name="testExpOverridesCanStackExpUp"/>
  <testcase time="0" classname="com.opensymphony.xwork2.ognl.OgnlValueStackTest" name="testCallMethodOnNullObject"/>
  <testcase time="0.001" classname="com.opensymphony.xwork2.ognl.OgnlValueStackTest" name="testCallMethodWithNullArg"/>
  <testcase time="0" classname="com.opensymphony.xwork2.ognl.OgnlValueStackTest" name="testBasic"/>
  <testcase time="0.004" classname="com.opensymphony.xwork2.ognl.OgnlValueStackTest" name="testPrimitiveSettingWithInvalidValueAddsFieldErrorInNonDevMode"/>
  <testcase time="0.001" classname="com.opensymphony.xwork2.ognl.OgnlValueStackTest" name="testFailOnMissingMethod"/>
  <testcase time="0.001" classname="com.opensymphony.xwork2.ognl.OgnlValueStackTest" name="testTwoDogs"/>
  <testcase time="0.004" classname="com.opensymphony.xwork2.ognl.OgnlValueStackTest" name="testSetNullList"/>
  <testcase time="0" classname="com.opensymphony.xwork2.ognl.OgnlValueStackTest" name="testFooBarAsString"/>
  <testcase time="0.001" classname="com.opensymphony.xwork2.ognl.OgnlValueStackTest" name="testFailOnErrorOnInheritedProperties"/>
  <testcase time="0.002" classname="com.opensymphony.xwork2.ognl.OgnlValueStackTest" name="testTypeConversionError"/>
  <testcase time="0.089" classname="com.opensymphony.xwork2.ognl.OgnlValueStackTest" name="testSerializable"/>
  <testcase time="0.001" classname="com.opensymphony.xwork2.ognl.OgnlValueStackTest" name="testSetReallyDeepBarAsString"/>
  <testcase time="0.001" classname="com.opensymphony.xwork2.ognl.OgnlValueStackTest" name="testFailsOnMethodThatThrowsException"/>
  <testcase time="0.001" classname="com.opensymphony.xwork2.ognl.OgnlValueStackTest" name="testSettingDogGender"/>
  <testcase time="0.001" classname="com.opensymphony.xwork2.ognl.OgnlValueStackTest" name="testFailOnMissingProperty"/>
  <testcase time="0.003" classname="com.opensymphony.xwork2.ognl.OgnlValueStackTest" name="testGetComplexBarAsString"/>
  <testcase time="0.001" classname="com.opensymphony.xwork2.ognl.OgnlValueStackTest" name="testFailOnMissingNestedProperty"/>
  <testcase time="0" classname="com.opensymphony.xwork2.ognl.OgnlValueStackTest" name="testSetBeforePush"/>
  <testcase time="0.004" classname="com.opensymphony.xwork2.ognl.OgnlValueStackTest" name="testPrimitiveSettingWithInvalidValueAddsFieldErrorInDevMode"/>
  <testcase time="0" classname="com.opensymphony.xwork2.ognl.OgnlValueStackTest" name="testDoesNotFailOnNonActionObjects"/>
  <testcase time="0.002" classname="com.opensymphony.xwork2.ognl.OgnlValueStackTest" name="testSetNullMap"/>
  <testcase time="0.002" classname="com.opensymphony.xwork2.ognl.OgnlValueStackTest" name="testMismatchedGettersAndSettersCauseExceptionInSet"/>
  <testcase time="0.001" classname="com.opensymphony.xwork2.ognl.OgnlValueStackTest" name="testStatic"/>
  <testcase time="0" classname="com.opensymphony.xwork2.ognl.OgnlValueStackTest" name="testMapEntriesAvailableByKey"/>
  <testcase time="0" classname="com.opensymphony.xwork2.ognl.OgnlValueStackTest" name="testSetBarAsString"/>
  <testcase time="0" classname="com.opensymphony.xwork2.ognl.OgnlValueStackTest" name="testFindString"/>
  <testcase time="0.001" classname="com.opensymphony.xwork2.ognl.OgnlValueStackTest" name="testCallMethodThatThrowsExceptionTwice"/>
  <testcase time="0" classname="com.opensymphony.xwork2.ognl.OgnlValueStackTest" name="testFailOnException"/>
  <testcase time="0" classname="com.opensymphony.xwork2.ognl.OgnlValueStackTest" name="testDefaultType"/>
  <testcase time="0" classname="com.opensymphony.xwork2.ognl.OgnlValueStackTest" name="testGetNullValue"/>
  <testcase time="0.002" classname="com.opensymphony.xwork2.ognl.OgnlValueStackTest" name="testFailFailOnErrorOnInheritedPropertiesWithMethods"/>
  <testcase time="0.003" classname="com.opensymphony.xwork2.ognl.OgnlValueStackTest" name="testObjectSettingWithInvalidValueDoesNotCauseSetCalledWithNull"/>
  <testcase time="0.001" classname="com.opensymphony.xwork2.ognl.OgnlValueStackTest" name="testDeepProperties"/>
  <testcase time="0" classname="com.opensymphony.xwork2.ognl.OgnlValueStackTest" name="testConstructorWithAStack"/>
  <testcase time="0.002" classname="com.opensymphony.xwork2.ognl.OgnlValueStackTest" name="testMethodCalls"/>
  <testcase time="0" classname="com.opensymphony.xwork2.ognl.OgnlValueStackTest" name="testSuccessFailOnErrorOnInheritedPropertiesWithMethods"/>
  <testcase time="0.001" classname="com.opensymphony.xwork2.ognl.OgnlValueStackTest" name="testNullMethod"/>
  <testcase time="0" classname="com.opensymphony.xwork2.ognl.OgnlValueStackTest" name="testExpOverrides"/>
  <testcase time="0.002" classname="com.opensymphony.xwork2.ognl.OgnlValueStackTest" name="testStatics"/>
  <testcase time="0" classname="com.opensymphony.xwork2.ognl.OgnlValueStackTest" name="testTopIsDefaultTextProvider"/>
  <testcase time="0" classname="com.opensymphony.xwork2.ognl.OgnlValueStackTest" name="testStaticMethodDisallow"/>
  <testcase time="0.002" classname="com.opensymphony.xwork2.ognl.OgnlValueStackTest" name="testWarnAboutInvalidProperties"/>
  <testcase time="0" classname="com.opensymphony.xwork2.ognl.OgnlValueStackTest" name="testSetDeepBarAsString"/>
  <testcase time="0.001" classname="com.opensymphony.xwork2.ognl.OgnlValueStackTest" name="testArrayAsString"/>
  <testcase time="0" classname="com.opensymphony.xwork2.ognl.OgnlValueStackTest" name="testSetAfterPush"/>
  <testcase time="0.003" classname="com.opensymphony.xwork2.ognl.SetPropertiesTest" name="testAddingAndModifyingCollectionWithObjectsList"/>
  <testcase time="0.002" classname="com.opensymphony.xwork2.ognl.SetPropertiesTest" name="testAddingAndModifyingCollectionWithObjectsSet"/>
  <testcase time="0.001" classname="com.opensymphony.xwork2.ognl.SetPropertiesTest" name="testSetCollectionByConverterFromCollection"/>
  <testcase time="0.004" classname="com.opensymphony.xwork2.ognl.SetPropertiesTest" name="testAddingToListsWithObjectsFalse"/>
  <testcase time="0.003" classname="com.opensymphony.xwork2.ognl.SetPropertiesTest" name="testAddingToListsWithObjectsTrue"/>
  <testcase time="0.003" classname="com.opensymphony.xwork2.ognl.SetPropertiesTest" name="testOgnlUtilEmptyStringAsLong"/>
  <testcase time="0.001" classname="com.opensymphony.xwork2.ognl.SetPropertiesTest" name="testSetCollectionByConverterFromArray"/>
  <testcase time="0.004" classname="com.opensymphony.xwork2.ognl.SetPropertiesTest" name="testAddingToMapsWithObjectsTrue"/>
  <testcase time="0.006" classname="com.opensymphony.xwork2.ognl.SetPropertiesTest" name="testAddingToMapsWithObjectsFalse"/>
  <testcase time="0.004" classname="com.opensymphony.xwork2.ognl.SetPropertiesTest" name="testAddingToCollectionBasedOnPermission"/>
  <testcase time="0.002" classname="com.opensymphony.xwork2.ognl.SetPropertiesTest" name="testValueStackSetValueEmptyStringAsLong"/>
  <testcase time="0.001" classname="com.opensymphony.xwork2.ognl.accessor.XWorkListPropertyAccessorTest" name="testCanAccessListSizeProperty"/>
  <testcase time="0.001" classname="com.opensymphony.xwork2.ognl.accessor.XWorkListPropertyAccessorTest" name="testContains"/>
  <testcase time="0.18" classname="com.opensymphony.xwork2.spring.ActionsFromSpringTest" name="testProxiedActionIsNotStateful"/>
  <testcase time="0.001" classname="com.opensymphony.xwork2.spring.ActionsFromSpringTest" name="testLoadActionWithDependencies"/>
  <testcase time="0.001" classname="com.opensymphony.xwork2.spring.ActionsFromSpringTest" name="testLoadSimpleAction"/>
  <testcase time="0.001" classname="com.opensymphony.xwork2.spring.ActionsFromSpringTest" name="testActionWithSpringResult"/>
  <testcase time="0.003" classname="com.opensymphony.xwork2.spring.ActionsFromSpringTest" name="testAutoProxiedAction"/>
  <testcase time="0.001" classname="com.opensymphony.xwork2.spring.SpringObjectFactoryTest" name="testObtainActionBySpringName"/>
  <testcase time="0.009" classname="com.opensymphony.xwork2.spring.SpringObjectFactoryTest" name="testObjectFactoryUsesSpringObjectFactoryToCreateActions"/>
  <testcase time="0.002" classname="com.opensymphony.xwork2.spring.SpringObjectFactoryTest" name="testShouldUseConstructorBasedInjectionWhenCreatingABeanFromAClassName"/>
  <testcase time="0.003" classname="com.opensymphony.xwork2.spring.SpringObjectFactoryTest" name="testFallsBackToDefaultObjectFactoryValidatorBuilding"/>
  <testcase time="0.001" classname="com.opensymphony.xwork2.spring.SpringObjectFactoryTest" name="testObtainResultBySpringName"/>
  <testcase time="0.003" classname="com.opensymphony.xwork2.spring.SpringObjectFactoryTest" name="testFallsBackToDefaultObjectFactoryActionSearching"/>
  <testcase time="0.002" classname="com.opensymphony.xwork2.spring.SpringObjectFactoryTest" name="testShouldGiveReferenceToAppContextIfBeanIsLoadedByClassApplicationContextAwareAndNotInstantiatedViaSpring"/>
  <testcase time="0.001" classname="com.opensymphony.xwork2.spring.SpringObjectFactoryTest" name="testShouldUseAutowireStrategyWhenCreatingABeanFromAClassName_constructor"/>
  <testcase time="0.002" classname="com.opensymphony.xwork2.spring.SpringObjectFactoryTest" name="testFallsBackToDefaultObjectFactoryInterceptorBuilding"/>
  <testcase time="0" classname="com.opensymphony.xwork2.spring.SpringObjectFactoryTest" name="testLookingUpAClassInstanceFallsBackToTheDefaultObjectFactoryIfSpringBeanNotFound"/>
  <testcase time="0.001" classname="com.opensymphony.xwork2.spring.SpringObjectFactoryTest" name="testShouldAutowireObjectsObtainedFromTheObjectFactoryByFullClassName"/>
  <testcase time="0.002" classname="com.opensymphony.xwork2.spring.SpringObjectFactoryTest" name="testFallsBackToDefaultObjectFactoryResultBuilding"/>
  <testcase time="0.003" classname="com.opensymphony.xwork2.spring.SpringObjectFactoryTest" name="testSetAutowireStrategy"/>
  <testcase time="0.001" classname="com.opensymphony.xwork2.spring.SpringObjectFactoryTest" name="testShouldAutowireObjectsObtainedFromTheObjectFactoryByClass"/>
  <testcase time="0.001" classname="com.opensymphony.xwork2.spring.SpringObjectFactoryTest" name="testShouldUseAutowireStrategyWhenCreatingABeanFromAClassName_setterByName"/>
  <testcase time="0.012" classname="com.opensymphony.xwork2.spring.SpringObjectFactoryTest" name="testShouldUseApplicationContextToApplyAspectsToGeneratedBeans"/>
  <testcase time="0" classname="com.opensymphony.xwork2.spring.SpringObjectFactoryTest" name="testLookingUpAClassInstanceDelegatesToSpring"/>
  <testcase time="0" classname="com.opensymphony.xwork2.spring.SpringObjectFactoryTest" name="testObtainInterceptorBySpringName"/>
  <testcase time="0" classname="com.opensymphony.xwork2.spring.SpringObjectFactoryTest" name="testFallBackToDefaultObjectFactoryWhenTheCConstructorDIIsAmbiguous"/>
  <testcase time="0.002" classname="com.opensymphony.xwork2.spring.SpringObjectFactoryTest" name="testShouldUseAutowireStrategyWhenCreatingABeanFromAClassName_setterByType"/>
  <testcase time="0" classname="com.opensymphony.xwork2.spring.SpringObjectFactoryTest" name="testObtainValidatorBySpringName"/>
  <testcase time="0" classname="com.opensymphony.xwork2.spring.SpringObjectFactoryTest" name="testShouldGiveReferenceToAppContextIfBeanIsApplicationContextAwareAndNotInstantiatedViaSpring"/>
  <testcase time="0.07" classname="com.opensymphony.xwork2.spring.interceptor.ActionAutowiringInterceptorTest" name="testSetAutowireType"/>
  <testcase time="0.001" classname="com.opensymphony.xwork2.spring.interceptor.ActionAutowiringInterceptorTest" name="testLoadsApplicationContextUsingWebApplicationContextUtils"/>
  <testcase time="0" classname="com.opensymphony.xwork2.spring.interceptor.ActionAutowiringInterceptorTest" name="testShouldAutowireAction"/>
  <testcase time="0" classname="com.opensymphony.xwork2.spring.interceptor.ActionAutowiringInterceptorTest" name="testIfApplicationContextIsNullThenBeanWillNotBeWiredUp"/>
  <testcase time="0.002" classname="com.opensymphony.xwork2.test.annotations.PersonActionTest" name="testAddAddress"/>
  <testcase time="0.001" classname="com.opensymphony.xwork2.test.annotations.PersonActionTest" name="testAddPerson"/>
  <testcase time="0.001" classname="com.opensymphony.xwork2.test.annotations.PersonActionTest" name="testAddAddressesNoGenericElementAnnotation"/>
  <testcase time="0.003" classname="com.opensymphony.xwork2.util.AnnotationUtilsTest" name="testGetAnnotatedMethodsWithAnnotationArgs"/>
  <testcase time="0" classname="com.opensymphony.xwork2.util.AnnotationUtilsTest" name="testIsAnnotatedByWithMultiAnnotationArgMatchingReturnsTrue"/>
  <testcase time="0" classname="com.opensymphony.xwork2.util.AnnotationUtilsTest" name="testIsAnnotatedByWithSingleAnnotationArgMatchingReturnsTrue"/>
  <testcase time="0" classname="com.opensymphony.xwork2.util.AnnotationUtilsTest" name="testIsAnnotatedByWithoutAnnotationArgsReturnsFalse"/>
  <testcase time="0" classname="com.opensymphony.xwork2.util.AnnotationUtilsTest" name="testGetAnnotedMethodsWithoutAnnotationArgs"/>
  <testcase time="0" classname="com.opensymphony.xwork2.util.ClassLoaderUtilTest" name="testAggregateIterator"/>
  <testcase time="0.001" classname="com.opensymphony.xwork2.util.ClassLoaderUtilTest" name="testGetResources_Aggregate"/>
  <testcase time="0" classname="com.opensymphony.xwork2.util.ClassLoaderUtilTest" name="testGetResources_Multiple"/>
  <testcase time="0" classname="com.opensymphony.xwork2.util.ClassLoaderUtilTest" name="testGetResources_None"/>
  <testcase time="0" classname="com.opensymphony.xwork2.util.ClassLoaderUtilTest" name="testGetResource_None"/>
  <testcase time="0.001" classname="com.opensymphony.xwork2.util.ClassLoaderUtilTest" name="testGetResource"/>
  <testcase time="0" classname="com.opensymphony.xwork2.util.ClassLoaderUtilTest" name="testGetResources"/>
  <testcase time="0.074" classname="com.opensymphony.xwork2.util.ClassPathFinderTest" name="testFinder"/>
  <testcase time="0.001" classname="com.opensymphony.xwork2.util.DomHelperTest" name="testParse"/>
  <testcase time="0" classname="com.opensymphony.xwork2.util.DomHelperTest" name="testGetLocationObject"/>
  <testcase time="0.002" classname="com.opensymphony.xwork2.util.FileManagerTest" name="testGetFileInJar"/>
  <testcase time="0.002" classname="com.opensymphony.xwork2.util.GetPropertiesTest" name="testGetCollectionProperties"/>
  <testcase time="0.005" classname="com.opensymphony.xwork2.util.LocalizedTextUtilTest" name="testFindTextInPackage"/>
  <testcase time="0.004" classname="com.opensymphony.xwork2.util.LocalizedTextUtilTest" name="testNullKeys"/>
  <testcase time="0.005" classname="com.opensymphony.xwork2.util.LocalizedTextUtilTest" name="testAddDefaultResourceBundle2"/>
  <testcase time="0.001" classname="com.opensymphony.xwork2.util.LocalizedTextUtilTest" name="testLocalizedDateFormatIsUsed"/>
  <testcase time="0.003" classname="com.opensymphony.xwork2.util.LocalizedTextUtilTest" name="testNpeWhenClassIsPrimitive"/>
  <testcase time="0.002" classname="com.opensymphony.xwork2.util.LocalizedTextUtilTest" name="testActionGetTextXXX"/>
  <testcase time="0" classname="com.opensymphony.xwork2.util.LocalizedTextUtilTest" name="testAddDefaultResourceBundle"/>
  <testcase time="0.003" classname="com.opensymphony.xwork2.util.LocalizedTextUtilTest" name="testFindTextInChildProperty"/>
  <testcase time="0" classname="com.opensymphony.xwork2.util.LocalizedTextUtilTest" name="testDefaultMessage"/>
  <testcase time="0.001" classname="com.opensymphony.xwork2.util.LocalizedTextUtilTest" name="testParameterizedDefaultMessage"/>
  <testcase time="0.003" classname="com.opensymphony.xwork2.util.LocalizedTextUtilTest" name="testActionGetTextWithNullObject"/>
  <testcase time="0" classname="com.opensymphony.xwork2.util.LocalizedTextUtilTest" name="testParameterizedDefaultMessageWithPackage"/>
  <testcase time="0.001" classname="com.opensymphony.xwork2.util.LocalizedTextUtilTest" name="testActionGetText"/>
  <testcase time="0.001" classname="com.opensymphony.xwork2.util.LocalizedTextUtilTest" name="testDefaultMessageOverride"/>
  <testcase time="0.002" classname="com.opensymphony.xwork2.util.LocalizedTextUtilTest" name="testXW404"/>
  <testcase time="0.001" classname="com.opensymphony.xwork2.util.LocalizedTextUtilTest" name="testXW377"/>
  <testcase time="0.001" classname="com.opensymphony.xwork2.util.LocalizedTextUtilTest" name="testFindTextInInterface"/>
  <testcase time="0.008" classname="com.opensymphony.xwork2.util.MyBeanActionTest" name="testIndexedList"/>
  <testcase time="0.006" classname="com.opensymphony.xwork2.util.MyBeanActionTest" name="testIndexedMap"/>
  <testcase time="0.001" classname="com.opensymphony.xwork2.util.NamedVariablePatternMatcherTest" name="testIsLiteral"/>
  <testcase time="0" classname="com.opensymphony.xwork2.util.NamedVariablePatternMatcherTest" name="testCompile"/>
  <testcase time="0" classname="com.opensymphony.xwork2.util.NamedVariablePatternMatcherTest" name="testMatch"/>
  <testcase time="0.034" classname="com.opensymphony.xwork2.util.ResolverUtilTest" name="testFindNamedResourceInDir"/>
  <testcase time="0.261" classname="com.opensymphony.xwork2.util.ResolverUtilTest" name="testSimpleFind"/>
  <testcase time="0.001" classname="com.opensymphony.xwork2.util.ResolverUtilTest" name="testMissingSomeFind"/>
  <testcase time="0.063" classname="com.opensymphony.xwork2.util.ResolverUtilTest" name="testFindNamedResource"/>
  <testcase time="0.001" classname="com.opensymphony.xwork2.util.TextParseUtilTest" name="testCommaDelimitedStringToSet"/>
  <testcase time="0.001" classname="com.opensymphony.xwork2.util.TextParseUtilTest" name="testTranslateVariablesOpenChar"/>
  <testcase time="0" classname="com.opensymphony.xwork2.util.TextParseUtilTest" name="testTranslateVariablesWithEvaluator"/>
  <testcase time="0" classname="com.opensymphony.xwork2.util.TextParseUtilTest" name="testTranslateNoVariables"/>
  <testcase time="0.002" classname="com.opensymphony.xwork2.util.TextParseUtilTest" name="testTranslateVariables"/>
  <testcase time="0.002" classname="com.opensymphony.xwork2.util.TextParseUtilTest" name="testTranslateVariablesRecursive"/>
  <testcase time="0" classname="com.opensymphony.xwork2.util.TextParseUtilTest" name="testTranslateVariablesNoRecursive"/>
  <testcase time="0.014" classname="com.opensymphony.xwork2.util.UnknownHandlerManagerTest" name="testStack"/>
  <testcase time="0.018" classname="com.opensymphony.xwork2.util.UnknownHandlerManagerTest" name="testEmptyStack"/>
  <testcase time="0" classname="com.opensymphony.xwork2.util.UnknownHandlerManagerTest" name="testInvocationOrder"/>
  <testcase time="0" classname="com.opensymphony.xwork2.util.WildcardHelperTest" name="testMatch"/>
  <testcase time="0.001" classname="com.opensymphony.xwork2.util.WildcardUtilTest" name="testPattern"/>
  <testcase time="0" classname="com.opensymphony.xwork2.util.XWorkListTest" name="testAddAllIndex"/>
  <testcase time="0" classname="com.opensymphony.xwork2.util.location.LocationAttributesTest" name="testAddLocationAttributes"/>
  <testcase time="0.003" classname="com.opensymphony.xwork2.util.location.LocationAttributesTest" name="testNonRecursiveRemove"/>
  <testcase time="0.002" classname="com.opensymphony.xwork2.util.location.LocationAttributesTest" name="testRecursiveRemove"/>
  <testcase time="0.002" classname="com.opensymphony.xwork2.util.location.LocationImplTest" name="testSerializeUnknown"/>
  <testcase time="0" classname="com.opensymphony.xwork2.util.location.LocationImplTest" name="testGetSnippetNoPadding"/>
  <testcase time="0.001" classname="com.opensymphony.xwork2.util.location.LocationImplTest" name="testEquals"/>
  <testcase time="0" classname="com.opensymphony.xwork2.util.location.LocationImplTest" name="testGetSnippet"/>
  <testcase time="0.001" classname="com.opensymphony.xwork2.util.location.LocationUtilsTest" name="testGetLocation_exception"/>
  <testcase time="0" classname="com.opensymphony.xwork2.util.location.LocationUtilsTest" name="testParse"/>
  <testcase time="0" classname="com.opensymphony.xwork2.util.location.LocationUtilsTest" name="testGetLocation_location"/>
  <testcase time="0" classname="com.opensymphony.xwork2.util.logging.LoggerUtilsTest" name="testFormatMessage"/>
  <testcase time="1.052" classname="com.opensymphony.xwork2.util.profiling.ProfilingTimerBeanTest" name="testPrint"/>
  <testcase time="0" classname="com.opensymphony.xwork2.util.profiling.ProfilingTimerBeanTest" name="testAddChild"/>
  <testcase time="1.051" classname="com.opensymphony.xwork2.util.profiling.ProfilingTimerBeanTest" name="testTime"/>
  <testcase time="0.001" classname="com.opensymphony.xwork2.util.profiling.UtilTimerStackTest" name="testProfileCallbackThrowsException"/>
  <testcase time="1.052" classname="com.opensymphony.xwork2.util.profiling.UtilTimerStackTest" name="testPushPop"/>
  <testcase time="0" classname="com.opensymphony.xwork2.util.profiling.UtilTimerStackTest" name="testActivateInactivate"/>
  <testcase time="1.051" classname="com.opensymphony.xwork2.util.profiling.UtilTimerStackTest" name="testProfileCallback"/>
  <testcase time="0.003" classname="com.opensymphony.xwork2.validator.ActionValidatorManagerTest" name="testValidate"/>
  <testcase time="0.014" classname="com.opensymphony.xwork2.validator.AnnotationActionValidatorManagerTest" name="testDefaultMessageInterpolation"/>
  <testcase time="0.029" classname="com.opensymphony.xwork2.validator.AnnotationActionValidatorManagerTest" name="testSameAliasWithAliasWithSlashes"/>
  <testcase time="0.011" classname="com.opensymphony.xwork2.validator.AnnotationActionValidatorManagerTest" name="testShortCircuitNoErrors"/>
  <testcase time="0.033" classname="com.opensymphony.xwork2.validator.AnnotationActionValidatorManagerTest" name="testBuildsValidatorsForAlias"/>
  <testcase time="0.039" classname="com.opensymphony.xwork2.validator.AnnotationActionValidatorManagerTest" name="testSameAliasWithDifferentClass"/>
  <testcase time="0" classname="com.opensymphony.xwork2.validator.AnnotationActionValidatorManagerTest" name="testBuildValidatorKey"/>
  <testcase time="0.031" classname="com.opensymphony.xwork2.validator.AnnotationActionValidatorManagerTest" name="testGetValidatorsForGivenMethodNameWithoutReloading"/>
  <testcase time="0.006" classname="com.opensymphony.xwork2.validator.AnnotationActionValidatorManagerTest" name="testGetValidatorsForInterface"/>
  <testcase time="0.007" classname="com.opensymphony.xwork2.validator.AnnotationActionValidatorManagerTest" name="testSkipAllActionLevelShortCircuit2"/>
  <testcase time="0.008" classname="com.opensymphony.xwork2.validator.AnnotationActionValidatorManagerTest" name="testSkipUserMarkerActionLevelShortCircuit"/>
  <testcase time="0.011" classname="com.opensymphony.xwork2.validator.AnnotationActionValidatorManagerTest" name="testMessageInterpolation"/>
  <testcase time="0.006" classname="com.opensymphony.xwork2.validator.AnnotationActionValidatorManagerTest" name="testActionLevelShortCircuit"/>
  <testcase time="0.002" classname="com.opensymphony.xwork2.validator.ConversionErrorFieldValidatorTest" name="testConversionErrorsAreAddedToFieldErrors"/>
  <testcase time="0" classname="com.opensymphony.xwork2.validator.ConversionErrorFieldValidatorTest" name="testConversionErrorMessageUsesProvidedMessage"/>
  <testcase time="0.039" classname="com.opensymphony.xwork2.validator.DateRangeValidatorTest" name="testRangeValidation"/>
  <testcase time="0" classname="com.opensymphony.xwork2.validator.DateRangeValidatorTest" name="testGetSetMinMax"/>
  <testcase time="0" classname="com.opensymphony.xwork2.validator.DefaultActionValidatorManagerTest" name="testBuildValidatorKey"/>
  <testcase time="0.004" classname="com.opensymphony.xwork2.validator.DefaultActionValidatorManagerTest" name="testSameAliasWithDifferentClass"/>
  <testcase time="0.004" classname="com.opensymphony.xwork2.validator.DefaultActionValidatorManagerTest" name="testBuildsValidatorsForAlias"/>
  <testcase time="0.001" classname="com.opensymphony.xwork2.validator.DefaultActionValidatorManagerTest" name="testGetValidatorsForInterface"/>
  <testcase time="0.001" classname="com.opensymphony.xwork2.validator.DefaultActionValidatorManagerTest" name="testBuildsValidatorsForAliasError"/>
  <testcase time="0.004" classname="com.opensymphony.xwork2.validator.DefaultActionValidatorManagerTest" name="testGetValidatorsFromInterface"/>
  <testcase time="0" classname="com.opensymphony.xwork2.validator.DefaultValidatorFactoryTest" name="testParseValidators"/>
  <testcase time="0.003" classname="com.opensymphony.xwork2.validator.DefaultValidatorFileParserTest" name="testParserWithBadXML"/>
  <testcase time="0.179" classname="com.opensymphony.xwork2.validator.DefaultValidatorFileParserTest" name="testParserWithBadXML2"/>
  <testcase time="0.002" classname="com.opensymphony.xwork2.validator.DefaultValidatorFileParserTest" name="testValidatorDefinitionsWithBadClassName"/>
  <testcase time="0.002" classname="com.opensymphony.xwork2.validator.DefaultValidatorFileParserTest" name="testParserWithBadValidation"/>
  <testcase time="0.003" classname="com.opensymphony.xwork2.validator.DefaultValidatorFileParserTest" name="testValidatorWithI18nMessage"/>
  <testcase time="0.002" classname="com.opensymphony.xwork2.validator.DefaultValidatorFileParserTest" name="testParser"/>
  <testcase time="0.001" classname="com.opensymphony.xwork2.validator.DefaultValidatorFileParserTest" name="testParserActionLevelValidatorsShouldBeBeforeFieldLevelValidators"/>
  <testcase time="0" classname="com.opensymphony.xwork2.validator.DoubleRangeValidatorTest" name="testRangeNotADoubleObjectValueInStack"/>
  <testcase time="0.001" classname="com.opensymphony.xwork2.validator.DoubleRangeValidatorTest" name="testRangeSimpleDoubleValueInStack"/>
  <testcase time="0.001" classname="com.opensymphony.xwork2.validator.DoubleRangeValidatorTest" name="testEdgeOfMinRange"/>
  <testcase time="0" classname="com.opensymphony.xwork2.validator.DoubleRangeValidatorTest" name="testRangeRealDoubleValueInStack"/>
  <testcase time="0" classname="com.opensymphony.xwork2.validator.DoubleRangeValidatorTest" name="testEdgeOfMaxRange"/>
  <testcase time="0.027" classname="com.opensymphony.xwork2.validator.DoubleRangeValidatorTest" name="testRangeValidationWithError"/>
  <testcase time="0.024" classname="com.opensymphony.xwork2.validator.DoubleRangeValidatorTest" name="testRangeValidationNoError"/>
  <testcase time="0.001" classname="com.opensymphony.xwork2.validator.DoubleRangeValidatorTest" name="testRangeNoExclusiveAndNoValueInStack"/>
  <testcase time="0.001" classname="com.opensymphony.xwork2.validator.DoubleRangeValidatorTest" name="testNoValue"/>
  <testcase time="0.008" classname="com.opensymphony.xwork2.validator.EmailValidatorTest" name="testEmailValidity"/>
  <testcase time="0.003" classname="com.opensymphony.xwork2.validator.ExpressionValidatorTest" name="testNoBooleanExpression"/>
  <testcase time="0.039" classname="com.opensymphony.xwork2.validator.ExpressionValidatorTest" name="testExpressionValidatorFailure"/>
  <testcase time="0.007" classname="com.opensymphony.xwork2.validator.ExpressionValidatorTest" name="testExpressionValidationOfStringLength"/>
  <testcase time="0" classname="com.opensymphony.xwork2.validator.ExpressionValidatorTest" name="testGetSetExpresion"/>
  <testcase time="0.04" classname="com.opensymphony.xwork2.validator.ExpressionValidatorTest" name="testExpressionValidatorSuccess"/>
  <testcase time="0.038" classname="com.opensymphony.xwork2.validator.IntRangeValidatorTest" name="testRangeValidation"/>
  <testcase time="0.04" classname="com.opensymphony.xwork2.validator.LongRangeValidatorTest" name="testRangeValidation"/>
  <testcase time="0.043" classname="com.opensymphony.xwork2.validator.ModelDrivenValidationTest" name="testModelDrivenValidation"/>
  <testcase time="0" classname="com.opensymphony.xwork2.validator.RegexFieldValidatorTest" name="testGetExpression"/>
  <testcase time="0.001" classname="com.opensymphony.xwork2.validator.RegexFieldValidatorTest" name="testEmptyName"/>
  <testcase time="0.001" classname="com.opensymphony.xwork2.validator.RegexFieldValidatorTest" name="testFail"/>
  <testcase time="0" classname="com.opensymphony.xwork2.validator.RegexFieldValidatorTest" name="testMatchNoTrim"/>
  <testcase time="0" classname="com.opensymphony.xwork2.validator.RegexFieldValidatorTest" name="testNoStringField"/>
  <testcase time="0" classname="com.opensymphony.xwork2.validator.RegexFieldValidatorTest" name="testIsTrimmed"/>
  <testcase time="0" classname="com.opensymphony.xwork2.validator.RegexFieldValidatorTest" name="testMatch"/>
  <testcase time="0.001" classname="com.opensymphony.xwork2.validator.RegexFieldValidatorTest" name="testNoFieldName"/>
  <testcase time="0.001" classname="com.opensymphony.xwork2.validator.RepopulateConversionErrorFieldValidatorSupportTest" name="testUseFullFieldName"/>
  <testcase time="0" classname="com.opensymphony.xwork2.validator.RepopulateConversionErrorFieldValidatorSupportTest" name="testGetterSetterGetsCalledApropriately1"/>
  <testcase time="0.001" classname="com.opensymphony.xwork2.validator.RepopulateConversionErrorFieldValidatorSupportTest" name="testGetterSetterGetsCalledApropriately2"/>
  <testcase time="0.04" classname="com.opensymphony.xwork2.validator.ShortRangeValidatorTest" name="testRangeValidation"/>
  <testcase time="0.047" classname="com.opensymphony.xwork2.validator.SimpleActionValidationTest" name="testAliasValidation"/>
  <testcase time="0.037" classname="com.opensymphony.xwork2.validator.SimpleActionValidationTest" name="testLookingUpFieldNameAsTextKey"/>
  <testcase time="0.005" classname="com.opensymphony.xwork2.validator.SimpleActionValidationTest" name="testMessageKeyIsReturnedIfNoOtherDefault"/>
  <testcase time="0.029" classname="com.opensymphony.xwork2.validator.SimpleActionValidationTest" name="testMessageKey"/>
  <testcase time="0.033" classname="com.opensymphony.xwork2.validator.SimpleActionValidationTest" name="testSubPropertiesAreValidated"/>
  <testcase time="0.035" classname="com.opensymphony.xwork2.validator.SimpleActionValidationTest" name="testParamterizedMessage"/>
  <testcase time="0.003" classname="com.opensymphony.xwork2.validator.StringLengthFieldValidatorTest" name="testInvalidStringLengthTrim"/>
  <testcase time="0" classname="com.opensymphony.xwork2.validator.StringLengthFieldValidatorTest" name="testStringLengthEmptyTrim1"/>
  <testcase time="0" classname="com.opensymphony.xwork2.validator.StringLengthFieldValidatorTest" name="testStringLengthEmptyNoTrim1"/>
  <testcase time="0.001" classname="com.opensymphony.xwork2.validator.StringLengthFieldValidatorTest" name="testStringLengthEmptyNoTrim2"/>
  <testcase time="0.001" classname="com.opensymphony.xwork2.validator.StringLengthFieldValidatorTest" name="testInvalidStringLengthNoTrim"/>
  <testcase time="0" classname="com.opensymphony.xwork2.validator.StringLengthFieldValidatorTest" name="testValidStringLengthTrim"/>
  <testcase time="0" classname="com.opensymphony.xwork2.validator.StringLengthFieldValidatorTest" name="testValidStringLengthNoTrim"/>
  <testcase time="0" classname="com.opensymphony.xwork2.validator.StringLengthFieldValidatorTest" name="testStringLengthNullNoTrim"/>
  <testcase time="0.001" classname="com.opensymphony.xwork2.validator.StringLengthFieldValidatorTest" name="testStringLengthNullTrim"/>
  <testcase time="0.016" classname="com.opensymphony.xwork2.validator.StringValidatorTest" name="testRequiredString"/>
  <testcase time="0.012" classname="com.opensymphony.xwork2.validator.StringValidatorTest" name="testRequiredStringWithNullValue"/>
  <testcase time="0" classname="com.opensymphony.xwork2.validator.StringValidatorTest" name="testGetSetTrim"/>
  <testcase time="0.028" classname="com.opensymphony.xwork2.validator.StringValidatorTest" name="testStringLength"/>
  <testcase time="0.001" classname="com.opensymphony.xwork2.validator.URLValidatorTest" name="testInvalidValue"/>
  <testcase time="0" classname="com.opensymphony.xwork2.validator.URLValidatorTest" name="testInvalidEmptyValue"/>
  <testcase time="0.001" classname="com.opensymphony.xwork2.validator.URLValidatorTest" name="testAcceptNullValueForMutualExclusionOfValidators"/>
  <testcase time="0" classname="com.opensymphony.xwork2.validator.URLValidatorTest" name="testValidUrl2"/>
  <testcase time="0.001" classname="com.opensymphony.xwork2.validator.URLValidatorTest" name="testValidUrl1"/>
  <testcase time="0.007" classname="com.opensymphony.xwork2.validator.ValidatorAnnotationTest" name="testNotAnnotatedMethodSuccess"/>
  <testcase time="0.008" classname="com.opensymphony.xwork2.validator.ValidatorAnnotationTest" name="testAnnotatedMethodFailure"/>
  <testcase time="0.012" classname="com.opensymphony.xwork2.validator.ValidatorAnnotationTest" name="testNotAnnotatedMethodSuccess2"/>
  <testcase time="0.01" classname="com.opensymphony.xwork2.validator.ValidatorAnnotationTest" name="testAnnotatedMethodSuccess2"/>
  <testcase time="0.006" classname="com.opensymphony.xwork2.validator.ValidatorAnnotationTest" name="testAnnotatedMethodSuccess3"/>
  <testcase time="0.008" classname="com.opensymphony.xwork2.validator.ValidatorAnnotationTest" name="testAnnotatedMethodSuccess"/>
  <testcase time="0.015" classname="com.opensymphony.xwork2.validator.VisitorFieldValidatorModelTest" name="testModelFieldErrorsAddedWithoutFieldPrefix"/>
  <testcase time="0.028" classname="com.opensymphony.xwork2.validator.VisitorFieldValidatorModelTest" name="testModelFieldErrorsAddedWithoutFieldPrefixForInterface"/>
  <testcase time="0.041" classname="com.opensymphony.xwork2.validator.VisitorFieldValidatorTest" name="testVisitorChildValidation"/>
  <testcase time="0.043" classname="com.opensymphony.xwork2.validator.VisitorFieldValidatorTest" name="testContextIsOverriddenByContextParamInValidationXML"/>
  <testcase time="0.028" classname="com.opensymphony.xwork2.validator.VisitorFieldValidatorTest" name="testArrayValidation"/>
  <testcase time="0.081" classname="com.opensymphony.xwork2.validator.VisitorFieldValidatorTest" name="testContextIsPropagated"/>
  <testcase time="0.033" classname="com.opensymphony.xwork2.validator.VisitorFieldValidatorTest" name="testCollectionValidation"/>
  <testcase time="0.022" classname="com.opensymphony.xwork2.validator.VisitorFieldValidatorTest" name="testBeanMessagesUseBeanResourceBundle"/>
  <testcase time="0.001" classname="com.opensymphony.xwork2.validator.validators.ValidatorSupportTest" name="testConditionalParseExpression"/>
</testsuite>